{"C:\\Users\\ambre\\Documents\\Ecole\\Ynov\\M1\\Test\\Wordle\\Wordle\\src\\index.ts": {"path":"C:\\Users\\ambre\\Documents\\Ecole\\Ynov\\M1\\Test\\Wordle\\Wordle\\src\\index.ts","all":true,"statementMap":{"0":{"start":{"line":1,"column":0},"end":{"line":1,"column":41}},"2":{"start":{"line":3,"column":0},"end":{"line":3,"column":37}},"3":{"start":{"line":4,"column":0},"end":{"line":4,"column":12}}},"s":{"0":0,"2":0,"3":0},"branchMap":{"0":{"type":"branch","line":1,"loc":{"start":{"line":1,"column":0},"end":{"line":4,"column":-43}},"locations":[{"start":{"line":1,"column":0},"end":{"line":4,"column":-43}}]}},"b":{"0":[0]},"fnMap":{"0":{"name":"(empty-report)","decl":{"start":{"line":1,"column":0},"end":{"line":4,"column":-43}},"loc":{"start":{"line":1,"column":0},"end":{"line":4,"column":-43}},"line":1}},"f":{"0":0}}
,"C:\\Users\\ambre\\Documents\\Ecole\\Ynov\\M1\\Test\\Wordle\\Wordle\\src\\wordle.ts": {"path":"C:\\Users\\ambre\\Documents\\Ecole\\Ynov\\M1\\Test\\Wordle\\Wordle\\src\\wordle.ts","all":false,"statementMap":{"0":{"start":{"line":1,"column":0},"end":{"line":1,"column":25}},"2":{"start":{"line":3,"column":0},"end":{"line":3,"column":25}},"3":{"start":{"line":4,"column":0},"end":{"line":4,"column":36}},"4":{"start":{"line":5,"column":0},"end":{"line":5,"column":33}},"6":{"start":{"line":7,"column":0},"end":{"line":7,"column":31}},"7":{"start":{"line":8,"column":0},"end":{"line":8,"column":44}},"8":{"start":{"line":9,"column":0},"end":{"line":9,"column":5}},"10":{"start":{"line":11,"column":0},"end":{"line":11,"column":48}},"11":{"start":{"line":12,"column":0},"end":{"line":12,"column":45}},"12":{"start":{"line":13,"column":0},"end":{"line":13,"column":35}},"13":{"start":{"line":14,"column":0},"end":{"line":14,"column":37}},"14":{"start":{"line":15,"column":0},"end":{"line":15,"column":99}},"15":{"start":{"line":16,"column":0},"end":{"line":16,"column":9}},"16":{"start":{"line":17,"column":0},"end":{"line":17,"column":25}},"17":{"start":{"line":18,"column":0},"end":{"line":18,"column":5}},"19":{"start":{"line":20,"column":0},"end":{"line":20,"column":15}},"20":{"start":{"line":21,"column":0},"end":{"line":21,"column":25}},"21":{"start":{"line":22,"column":0},"end":{"line":22,"column":5}},"23":{"start":{"line":24,"column":0},"end":{"line":24,"column":47}},"24":{"start":{"line":25,"column":0},"end":{"line":25,"column":60}},"25":{"start":{"line":26,"column":0},"end":{"line":26,"column":36}},"26":{"start":{"line":27,"column":0},"end":{"line":27,"column":41}},"27":{"start":{"line":28,"column":0},"end":{"line":28,"column":46}},"28":{"start":{"line":29,"column":0},"end":{"line":29,"column":52}},"29":{"start":{"line":30,"column":0},"end":{"line":30,"column":58}},"31":{"start":{"line":32,"column":0},"end":{"line":32,"column":41}},"32":{"start":{"line":33,"column":0},"end":{"line":33,"column":65}},"33":{"start":{"line":34,"column":0},"end":{"line":34,"column":9}},"35":{"start":{"line":36,"column":0},"end":{"line":36,"column":53}},"36":{"start":{"line":37,"column":0},"end":{"line":37,"column":49}},"37":{"start":{"line":38,"column":0},"end":{"line":38,"column":39}},"38":{"start":{"line":39,"column":0},"end":{"line":39,"column":39}},"39":{"start":{"line":40,"column":0},"end":{"line":40,"column":45}},"40":{"start":{"line":41,"column":0},"end":{"line":41,"column":34}},"41":{"start":{"line":42,"column":0},"end":{"line":42,"column":20}},"42":{"start":{"line":43,"column":0},"end":{"line":43,"column":32}},"43":{"start":{"line":44,"column":0},"end":{"line":44,"column":37}},"44":{"start":{"line":45,"column":0},"end":{"line":45,"column":13}},"45":{"start":{"line":46,"column":0},"end":{"line":46,"column":9}},"47":{"start":{"line":48,"column":0},"end":{"line":48,"column":53}},"48":{"start":{"line":49,"column":0},"end":{"line":49,"column":35}},"49":{"start":{"line":50,"column":0},"end":{"line":50,"column":90}},"50":{"start":{"line":51,"column":0},"end":{"line":51,"column":42}},"51":{"start":{"line":52,"column":0},"end":{"line":52,"column":42}},"52":{"start":{"line":53,"column":0},"end":{"line":53,"column":49}},"53":{"start":{"line":54,"column":0},"end":{"line":54,"column":24}},"54":{"start":{"line":55,"column":0},"end":{"line":55,"column":41}},"55":{"start":{"line":56,"column":0},"end":{"line":56,"column":41}},"56":{"start":{"line":57,"column":0},"end":{"line":57,"column":17}},"57":{"start":{"line":58,"column":0},"end":{"line":58,"column":13}},"58":{"start":{"line":59,"column":0},"end":{"line":59,"column":9}},"60":{"start":{"line":61,"column":0},"end":{"line":61,"column":42}},"62":{"start":{"line":63,"column":0},"end":{"line":63,"column":59}},"63":{"start":{"line":64,"column":0},"end":{"line":64,"column":82}},"64":{"start":{"line":65,"column":0},"end":{"line":65,"column":9}},"66":{"start":{"line":67,"column":0},"end":{"line":67,"column":22}},"67":{"start":{"line":68,"column":0},"end":{"line":68,"column":5}},"69":{"start":{"line":70,"column":0},"end":{"line":70,"column":25}},"70":{"start":{"line":71,"column":0},"end":{"line":71,"column":24}},"71":{"start":{"line":72,"column":0},"end":{"line":72,"column":5}},"73":{"start":{"line":74,"column":0},"end":{"line":74,"column":18}},"74":{"start":{"line":75,"column":0},"end":{"line":75,"column":50}},"75":{"start":{"line":76,"column":0},"end":{"line":76,"column":45}},"76":{"start":{"line":77,"column":0},"end":{"line":77,"column":33}},"77":{"start":{"line":78,"column":0},"end":{"line":78,"column":34}},"78":{"start":{"line":79,"column":0},"end":{"line":79,"column":11}},"80":{"start":{"line":81,"column":0},"end":{"line":81,"column":35}},"81":{"start":{"line":82,"column":0},"end":{"line":82,"column":52}},"82":{"start":{"line":83,"column":0},"end":{"line":83,"column":89}},"83":{"start":{"line":84,"column":0},"end":{"line":84,"column":27}},"84":{"start":{"line":85,"column":0},"end":{"line":85,"column":23}},"85":{"start":{"line":86,"column":0},"end":{"line":86,"column":13}},"87":{"start":{"line":88,"column":0},"end":{"line":88,"column":147}},"88":{"start":{"line":89,"column":0},"end":{"line":89,"column":57}},"89":{"start":{"line":90,"column":0},"end":{"line":90,"column":31}},"90":{"start":{"line":91,"column":0},"end":{"line":91,"column":27}},"91":{"start":{"line":92,"column":0},"end":{"line":92,"column":17}},"92":{"start":{"line":93,"column":0},"end":{"line":93,"column":21}},"93":{"start":{"line":94,"column":0},"end":{"line":94,"column":71}},"94":{"start":{"line":95,"column":0},"end":{"line":95,"column":68}},"95":{"start":{"line":96,"column":0},"end":{"line":96,"column":45}},"96":{"start":{"line":97,"column":0},"end":{"line":97,"column":71}},"97":{"start":{"line":98,"column":0},"end":{"line":98,"column":35}},"98":{"start":{"line":99,"column":0},"end":{"line":99,"column":31}},"99":{"start":{"line":100,"column":0},"end":{"line":100,"column":21}},"100":{"start":{"line":101,"column":0},"end":{"line":101,"column":33}},"101":{"start":{"line":102,"column":0},"end":{"line":102,"column":49}},"102":{"start":{"line":103,"column":0},"end":{"line":103,"column":65}},"103":{"start":{"line":104,"column":0},"end":{"line":104,"column":28}},"104":{"start":{"line":105,"column":0},"end":{"line":105,"column":68}},"105":{"start":{"line":106,"column":0},"end":{"line":106,"column":21}},"106":{"start":{"line":107,"column":0},"end":{"line":107,"column":27}},"107":{"start":{"line":108,"column":0},"end":{"line":108,"column":34}},"108":{"start":{"line":109,"column":0},"end":{"line":109,"column":17}},"109":{"start":{"line":110,"column":0},"end":{"line":110,"column":15}},"110":{"start":{"line":111,"column":0},"end":{"line":111,"column":10}},"112":{"start":{"line":113,"column":0},"end":{"line":113,"column":22}},"113":{"start":{"line":114,"column":0},"end":{"line":114,"column":5}},"114":{"start":{"line":115,"column":0},"end":{"line":115,"column":1}}},"s":{"0":1,"2":12,"3":12,"4":12,"6":12,"7":12,"8":12,"10":12,"11":25,"12":25,"13":25,"14":4,"15":4,"16":21,"17":25,"19":12,"20":1,"21":1,"23":12,"24":13,"25":13,"26":13,"27":13,"28":13,"29":13,"31":13,"32":65,"33":65,"35":13,"36":65,"37":33,"38":33,"39":33,"40":33,"41":65,"42":32,"43":32,"44":32,"45":65,"47":13,"48":65,"49":32,"50":17,"51":17,"52":17,"53":32,"54":15,"55":15,"56":15,"57":32,"58":65,"60":13,"62":13,"63":3,"64":3,"66":13,"67":13,"69":12,"70":3,"71":3,"73":12,"74":0,"75":0,"76":0,"77":0,"78":0,"80":0,"81":0,"82":0,"83":0,"84":0,"85":0,"87":0,"88":0,"89":0,"90":0,"91":0,"92":0,"93":0,"94":0,"95":0,"96":0,"97":0,"98":0,"99":0,"100":0,"101":0,"102":0,"103":0,"104":0,"105":0,"106":0,"107":0,"108":0,"109":0,"110":0,"112":0,"113":0,"114":12},"branchMap":{"0":{"type":"branch","line":1,"loc":{"start":{"line":1,"column":7},"end":{"line":115,"column":1}},"locations":[{"start":{"line":1,"column":7},"end":{"line":115,"column":1}}]},"1":{"type":"branch","line":7,"loc":{"start":{"line":7,"column":4},"end":{"line":9,"column":5}},"locations":[{"start":{"line":7,"column":4},"end":{"line":9,"column":5}}]},"2":{"type":"branch","line":11,"loc":{"start":{"line":11,"column":12},"end":{"line":18,"column":5}},"locations":[{"start":{"line":11,"column":12},"end":{"line":18,"column":5}}]},"3":{"type":"branch","line":14,"loc":{"start":{"line":14,"column":36},"end":{"line":16,"column":9}},"locations":[{"start":{"line":14,"column":36},"end":{"line":16,"column":9}}]},"4":{"type":"branch","line":16,"loc":{"start":{"line":16,"column":8},"end":{"line":17,"column":25}},"locations":[{"start":{"line":16,"column":8},"end":{"line":17,"column":25}}]},"5":{"type":"branch","line":20,"loc":{"start":{"line":20,"column":4},"end":{"line":22,"column":5}},"locations":[{"start":{"line":20,"column":4},"end":{"line":22,"column":5}}]},"6":{"type":"branch","line":24,"loc":{"start":{"line":24,"column":4},"end":{"line":68,"column":5}},"locations":[{"start":{"line":24,"column":4},"end":{"line":68,"column":5}}]},"7":{"type":"branch","line":32,"loc":{"start":{"line":32,"column":40},"end":{"line":34,"column":9}},"locations":[{"start":{"line":32,"column":40},"end":{"line":34,"column":9}}]},"8":{"type":"branch","line":33,"loc":{"start":{"line":33,"column":53},"end":{"line":33,"column":63}},"locations":[{"start":{"line":33,"column":53},"end":{"line":33,"column":63}}]},"9":{"type":"branch","line":36,"loc":{"start":{"line":36,"column":52},"end":{"line":46,"column":9}},"locations":[{"start":{"line":36,"column":52},"end":{"line":46,"column":9}}]},"10":{"type":"branch","line":37,"loc":{"start":{"line":37,"column":48},"end":{"line":42,"column":19}},"locations":[{"start":{"line":37,"column":48},"end":{"line":42,"column":19}}]},"11":{"type":"branch","line":42,"loc":{"start":{"line":42,"column":12},"end":{"line":45,"column":13}},"locations":[{"start":{"line":42,"column":12},"end":{"line":45,"column":13}}]},"12":{"type":"branch","line":48,"loc":{"start":{"line":48,"column":52},"end":{"line":59,"column":9}},"locations":[{"start":{"line":48,"column":52},"end":{"line":59,"column":9}}]},"13":{"type":"branch","line":49,"loc":{"start":{"line":49,"column":34},"end":{"line":58,"column":13}},"locations":[{"start":{"line":49,"column":34},"end":{"line":58,"column":13}}]},"14":{"type":"branch","line":50,"loc":{"start":{"line":50,"column":52},"end":{"line":50,"column":89}},"locations":[{"start":{"line":50,"column":52},"end":{"line":50,"column":89}}]},"15":{"type":"branch","line":50,"loc":{"start":{"line":50,"column":89},"end":{"line":54,"column":23}},"locations":[{"start":{"line":50,"column":89},"end":{"line":54,"column":23}}]},"16":{"type":"branch","line":54,"loc":{"start":{"line":54,"column":16},"end":{"line":57,"column":17}},"locations":[{"start":{"line":54,"column":16},"end":{"line":57,"column":17}}]},"17":{"type":"branch","line":63,"loc":{"start":{"line":63,"column":58},"end":{"line":65,"column":9}},"locations":[{"start":{"line":63,"column":58},"end":{"line":65,"column":9}}]},"18":{"type":"branch","line":63,"loc":{"start":{"line":63,"column":25},"end":{"line":63,"column":55}},"locations":[{"start":{"line":63,"column":25},"end":{"line":63,"column":55}}]},"19":{"type":"branch","line":70,"loc":{"start":{"line":70,"column":4},"end":{"line":72,"column":5}},"locations":[{"start":{"line":70,"column":4},"end":{"line":72,"column":5}}]}},"b":{"0":[12],"1":[12],"2":[25],"3":[4],"4":[21],"5":[1],"6":[13],"7":[65],"8":[52],"9":[65],"10":[33],"11":[32],"12":[65],"13":[32],"14":[19],"15":[17],"16":[15],"17":[3],"18":[31],"19":[3]},"fnMap":{"0":{"name":"<instance_members_initializer>","decl":{"start":{"line":1,"column":7},"end":{"line":115,"column":1}},"loc":{"start":{"line":1,"column":7},"end":{"line":115,"column":1}},"line":1},"1":{"name":"WordleGame","decl":{"start":{"line":7,"column":4},"end":{"line":9,"column":5}},"loc":{"start":{"line":7,"column":4},"end":{"line":9,"column":5}},"line":7},"2":{"name":"validateWord","decl":{"start":{"line":11,"column":12},"end":{"line":18,"column":5}},"loc":{"start":{"line":11,"column":12},"end":{"line":18,"column":5}},"line":11},"3":{"name":"getWord","decl":{"start":{"line":20,"column":4},"end":{"line":22,"column":5}},"loc":{"start":{"line":20,"column":4},"end":{"line":22,"column":5}},"line":20},"4":{"name":"checkLetters","decl":{"start":{"line":24,"column":4},"end":{"line":68,"column":5}},"loc":{"start":{"line":24,"column":4},"end":{"line":68,"column":5}},"line":24},"5":{"name":"incrementAttempts","decl":{"start":{"line":70,"column":4},"end":{"line":72,"column":5}},"loc":{"start":{"line":70,"column":4},"end":{"line":72,"column":5}},"line":70},"6":{"name":"play","decl":{"start":{"line":74,"column":4},"end":{"line":114,"column":5}},"loc":{"start":{"line":74,"column":4},"end":{"line":114,"column":5}},"line":74}},"f":{"0":12,"1":12,"2":25,"3":1,"4":13,"5":3,"6":0}}
}
